2023-08-06 00:38:18.398849 - Initialized conversion of CBT057
2023-08-06 00:38:18.652057 - Received CBT.V505.FILE057.PDS from FILE057.XMI 
2023-08-06 00:38:18.654490 - Found $$$#DATE.txt (text/plain) in CBT.V505.FILE057.PDS, moved to PDS/$$$#DATE
2023-08-06 00:38:18.655514 - Found @FILE057.txt (text/plain) in CBT.V505.FILE057.PDS, moved to PDS/@FILE057
2023-08-06 00:38:18.656561 - Found DLXSLSS.txt (text/plain) in CBT.V505.FILE057.PDS, moved to PDS/DLXSLSS
2023-08-06 00:38:18.657585 - Found GENERCMD.txt (text/plain) in CBT.V505.FILE057.PDS, moved to PDS/GENERCMD
2023-08-06 00:38:18.658565 - Found GENPW.txt (text/plain) in CBT.V505.FILE057.PDS, moved to PDS/GENPW
2023-08-06 00:38:18.659467 - Found PHNPROOF.txt (text/plain) in CBT.V505.FILE057.PDS, moved to PDS/PHNPROOF
2023-08-06 00:38:18.660441 - Found PHONECHK.txt (text/plain) in CBT.V505.FILE057.PDS, moved to PDS/PHONECHK
2023-08-06 00:38:18.661360 - Found PHONEMP.txt (text/plain) in CBT.V505.FILE057.PDS, moved to PDS/PHONEMP
2023-08-06 00:38:18.662219 - Found PHONOPER.txt (text/plain) in CBT.V505.FILE057.PDS, moved to PDS/PHONOPER
2023-08-06 00:38:18.663205 - Found SLSSADMN.txt (text/plain) in CBT.V505.FILE057.PDS, moved to PDS/SLSSADMN
2023-08-06 00:38:18.664102 - Found SLSSBROW.txt (text/plain) in CBT.V505.FILE057.PDS, moved to PDS/SLSSBROW
2023-08-06 00:38:18.664976 - Found SLSSCMPR.txt (text/plain) in CBT.V505.FILE057.PDS, moved to PDS/SLSSCMPR
2023-08-06 00:38:18.665917 - Found SLSSDELT.txt (text/plain) in CBT.V505.FILE057.PDS, moved to PDS/SLSSDELT
2023-08-06 00:38:18.666874 - Found SLSSEDIT.txt (text/plain) in CBT.V505.FILE057.PDS, moved to PDS/SLSSEDIT
2023-08-06 00:38:18.667788 - Found SLSSENQ.txt (text/plain) in CBT.V505.FILE057.PDS, moved to PDS/SLSSENQ
2023-08-06 00:38:18.668839 - Found SLSSJOBC.txt (text/plain) in CBT.V505.FILE057.PDS, moved to PDS/SLSSJOBC
2023-08-06 00:38:18.670051 - Found SLSSLOCS.txt (text/plain) in CBT.V505.FILE057.PDS, moved to PDS/SLSSLOCS
2023-08-06 00:38:18.671165 - Found SLSSPRNT.txt (text/plain) in CBT.V505.FILE057.PDS, moved to PDS/SLSSPRNT
2023-08-06 00:38:18.672235 - Found SLSSPROF.txt (text/plain) in CBT.V505.FILE057.PDS, moved to PDS/SLSSPROF
2023-08-06 00:38:18.673441 - Found SLSSPRT1.txt (text/plain) in CBT.V505.FILE057.PDS, moved to PDS/SLSSPRT1
2023-08-06 00:38:18.674371 - Found SLSSPRT2.txt (text/plain) in CBT.V505.FILE057.PDS, moved to PDS/SLSSPRT2
2023-08-06 00:38:18.675389 - Found SLSSRCOV.txt (text/plain) in CBT.V505.FILE057.PDS, moved to PDS/SLSSRCOV
2023-08-06 00:38:18.676255 - Found SLSSSORT.txt (text/plain) in CBT.V505.FILE057.PDS, moved to PDS/SLSSSORT
2023-08-06 00:38:18.677112 - Found SLSSSUBS.txt (text/plain) in CBT.V505.FILE057.PDS, moved to PDS/SLSSSUBS
2023-08-06 00:38:18.678001 - Found USRALLOC.txt (text/plain) in CBT.V505.FILE057.PDS, moved to PDS/USRALLOC
2023-08-06 00:38:18.679150 - Found VERUSGRP.txt (text/plain) in CBT.V505.FILE057.PDS, moved to PDS/VERUSGRP
2023-08-06 00:38:18.680090 - Found XMITRCV.txt (text/plain) in CBT.V505.FILE057.PDS, moved to PDS/XMITRCV
2023-08-06 00:38:18.681010 - Found XMITRCV1.txt (text/plain) in CBT.V505.FILE057.PDS, moved to PDS/XMITRCV1
2023-08-06 00:38:18.681925 - Found XMITRCV2.txt (text/plain) in CBT.V505.FILE057.PDS, moved to PDS/XMITRCV2
2023-08-06 00:38:18.682895 - Found XMITRCV3.txt (text/plain) in CBT.V505.FILE057.PDS, moved to PDS/XMITRCV3
